<?xml version="1.0" encoding="UTF-8"?>
<!-- Generated by org.testng.reporters.JUnitReportReporter -->
<testsuite skipped="0" hostname="Utpal" name="com.test.TestNGbasics" tests="3" failures="0" timestamp="2019-11-27T22:29:54 IST" time="0.016" errors="0">
  <testcase name="test1" time="0.010" classname="com.test.TestNGbasics"/>
  <testcase name="test3" time="0.003" classname="com.test.TestNGbasics"/>
  <testcase name="test2" time="0.003" classname="com.test.TestNGbasics"/>
</testsuite> <!-- com.test.TestNGbasics -->
