<?xml version="1.0" encoding="UTF-8"?>
<!-- Generated by org.testng.reporters.JUnitReportReporter -->
<testsuite skipped="0" hostname="Utpal" name="com.test.InvocationCountTest" tests="10" failures="0" timestamp="2019-11-27T22:29:54 IST" time="0.030" errors="0">
  <testcase name="test" time="0.001" classname="com.test.InvocationCountTest"/>
  <testcase name="test" time="0.001" classname="com.test.InvocationCountTest"/>
  <testcase name="test" time="0.002" classname="com.test.InvocationCountTest"/>
  <testcase name="test" time="0.006" classname="com.test.InvocationCountTest"/>
  <testcase name="test" time="0.004" classname="com.test.InvocationCountTest"/>
  <testcase name="test" time="0.003" classname="com.test.InvocationCountTest"/>
  <testcase name="test" time="0.004" classname="com.test.InvocationCountTest"/>
  <testcase name="test" time="0.004" classname="com.test.InvocationCountTest"/>
  <testcase name="test" time="0.003" classname="com.test.InvocationCountTest"/>
  <testcase name="test" time="0.002" classname="com.test.InvocationCountTest"/>
</testsuite> <!-- com.test.InvocationCountTest -->
