<?xml version="1.0" encoding="UTF-8"?>
<!-- Generated by org.testng.reporters.JUnitReportReporter -->
<testsuite skipped="0" hostname="Utpal" name="com.test.ExpectedException" tests="1" failures="0" timestamp="2019-11-27T22:29:54 IST" time="0.002" errors="0">
  <testcase name="test" time="0.002" classname="com.test.ExpectedException"/>
</testsuite> <!-- com.test.ExpectedException -->
