<?xml version="1.0" encoding="UTF-8"?>
<!-- Generated by org.testng.reporters.JUnitReportReporter -->
<testsuite skipped="0" hostname="Utpal" name="com.test.ExceptionTimeoutTest" tests="1" failures="0" timestamp="2019-12-13T10:14:37 IST" time="0.043" errors="0">
  <testcase name="infiniteLoop" time="0.043" classname="com.test.ExceptionTimeoutTest"/>
</testsuite> <!-- com.test.ExceptionTimeoutTest -->
